2025-01-02T19:57:48.603-03:00  INFO 4520 --- [springsecurity] [main] c.t.s.SpringsecurityApplication          : Starting SpringsecurityApplication using Java 17.0.11 with PID 4520 (C:\Users\palmi\OneDrive\Documentos\Facu\1- Programación\Instructivos\Template SecurityTodoCode\SpringSecurity\springsecurityJWT\target\classes started by Facundo Palmieri in C:\Users\palmi\OneDrive\Documentos\Facu\1- Programación\Instructivos\Template SecurityTodoCode\SpringSecurity\springsecurityJWT)
2025-01-02T19:57:48.606-03:00  INFO 4520 --- [springsecurity] [main] c.t.s.SpringsecurityApplication          : No active profile set, falling back to 1 default profile: "default"
2025-01-02T19:57:50.726-03:00  INFO 4520 --- [springsecurity] [main] .s.d.r.c.RepositoryConfigurationDelegate : Bootstrapping Spring Data JPA repositories in DEFAULT mode.
2025-01-02T19:57:50.844-03:00  INFO 4520 --- [springsecurity] [main] .s.d.r.c.RepositoryConfigurationDelegate : Finished Spring Data repository scanning in 105 ms. Found 3 JPA repository interfaces.
2025-01-02T19:57:51.942-03:00  INFO 4520 --- [springsecurity] [main] o.s.b.w.embedded.tomcat.TomcatWebServer  : Tomcat initialized with port 8080 (http)
2025-01-02T19:57:51.976-03:00  INFO 4520 --- [springsecurity] [main] o.apache.catalina.core.StandardService   : Starting service [Tomcat]
2025-01-02T19:57:51.977-03:00  INFO 4520 --- [springsecurity] [main] o.apache.catalina.core.StandardEngine    : Starting Servlet engine: [Apache Tomcat/10.1.20]
2025-01-02T19:57:52.111-03:00  INFO 4520 --- [springsecurity] [main] o.a.c.c.C.[Tomcat].[localhost].[/]       : Initializing Spring embedded WebApplicationContext
2025-01-02T19:57:52.111-03:00  INFO 4520 --- [springsecurity] [main] w.s.c.ServletWebServerApplicationContext : Root WebApplicationContext: initialization completed in 3435 ms
2025-01-02T19:57:52.332-03:00  INFO 4520 --- [springsecurity] [main] o.hibernate.jpa.internal.util.LogHelper  : HHH000204: Processing PersistenceUnitInfo [name: default]
2025-01-02T19:57:52.507-03:00  INFO 4520 --- [springsecurity] [main] org.hibernate.Version                    : HHH000412: Hibernate ORM core version 6.4.4.Final
2025-01-02T19:57:52.600-03:00  INFO 4520 --- [springsecurity] [main] o.h.c.internal.RegionFactoryInitiator    : HHH000026: Second-level cache disabled
2025-01-02T19:57:53.126-03:00  INFO 4520 --- [springsecurity] [main] o.s.o.j.p.SpringPersistenceUnitInfo      : No LoadTimeWeaver setup: ignoring JPA class transformer
2025-01-02T19:57:53.190-03:00  INFO 4520 --- [springsecurity] [main] com.zaxxer.hikari.HikariDataSource       : HikariPool-1 - Starting...
2025-01-02T19:57:53.519-03:00  INFO 4520 --- [springsecurity] [main] com.zaxxer.hikari.pool.HikariPool        : HikariPool-1 - Added connection com.mysql.cj.jdbc.ConnectionImpl@27bb74e1
2025-01-02T19:57:53.523-03:00  INFO 4520 --- [springsecurity] [main] com.zaxxer.hikari.HikariDataSource       : HikariPool-1 - Start completed.
2025-01-02T19:57:53.660-03:00  WARN 4520 --- [springsecurity] [main] org.hibernate.dialect.Dialect            : HHH000511: The 5.7.0 version for [org.hibernate.dialect.MySQLDialect] is no longer supported, hence certain features may not work properly. The minimum supported version is 8.0.0. Check the community dialects project for available legacy versions.
2025-01-02T19:57:55.905-03:00  INFO 4520 --- [springsecurity] [main] o.h.e.t.j.p.i.JtaPlatformInitiator       : HHH000489: No JTA platform available (set 'hibernate.transaction.jta.platform' to enable JTA platform integration)
2025-01-02T19:57:56.555-03:00  INFO 4520 --- [springsecurity] [main] j.LocalContainerEntityManagerFactoryBean : Initialized JPA EntityManagerFactory for persistence unit 'default'
2025-01-02T19:57:58.398-03:00  WARN 4520 --- [springsecurity] [main] JpaBaseConfiguration$JpaWebConfiguration : spring.jpa.open-in-view is enabled by default. Therefore, database queries may be performed during view rendering. Explicitly configure spring.jpa.open-in-view to disable this warning
2025-01-02T19:57:58.974-03:00  INFO 4520 --- [springsecurity] [main] o.s.s.web.DefaultSecurityFilterChain     : Will secure any request with [org.springframework.security.web.session.DisableEncodeUrlFilter@75bbe39d, org.springframework.security.web.context.request.async.WebAsyncManagerIntegrationFilter@6805415d, org.springframework.security.web.context.SecurityContextHolderFilter@76ccde41, org.springframework.security.web.header.HeaderWriterFilter@5cbebfba, org.springframework.web.filter.CorsFilter@870413c, org.springframework.security.web.authentication.logout.LogoutFilter@2ec258f1, org.springframework.security.oauth2.client.web.OAuth2AuthorizationRequestRedirectFilter@773cc551, org.springframework.security.oauth2.client.web.OAuth2LoginAuthenticationFilter@6edb093f, org.springframework.security.web.authentication.UsernamePasswordAuthenticationFilter@230dd372, org.springframework.security.web.authentication.ui.DefaultLoginPageGeneratingFilter@20f3291d, org.springframework.security.web.authentication.ui.DefaultLogoutPageGeneratingFilter@3791160a, com.todocodeacademy.springsecurity.security.config.filter.JwtTokenValidator@1d9cac6e, org.springframework.security.web.savedrequest.RequestCacheAwareFilter@3e8eea59, org.springframework.security.web.servletapi.SecurityContextHolderAwareRequestFilter@f9d8285, org.springframework.security.web.authentication.AnonymousAuthenticationFilter@5f510929, org.springframework.security.web.access.ExceptionTranslationFilter@58e0d1ac]
2025-01-02T19:57:59.409-03:00  INFO 4520 --- [springsecurity] [main] o.s.b.w.embedded.tomcat.TomcatWebServer  : Tomcat started on port 8080 (http) with context path ''
2025-01-02T19:57:59.418-03:00  INFO 4520 --- [springsecurity] [main] c.t.s.SpringsecurityApplication          : Started SpringsecurityApplication in 11.716 seconds (process running for 12.992)
2025-01-02T19:58:02.188-03:00  INFO 4520 --- [springsecurity] [http-nio-8080-exec-2] o.a.c.c.C.[Tomcat].[localhost].[/]       : Initializing Spring DispatcherServlet 'dispatcherServlet'
2025-01-02T19:59:09.242-03:00  INFO 4520 --- [springsecurity] [http-nio-8080-exec-4] c.t.springsecurity.service.UserService   : Mensaje: Se ha restablecido la contraseña exitosamente., IP 0:0:0:0:0:0:0:1
2025-01-02T20:05:05.991-03:00  INFO 4520 --- [springsecurity] [SpringApplicationShutdownHook] j.LocalContainerEntityManagerFactoryBean : Closing JPA EntityManagerFactory for persistence unit 'default'
2025-01-02T20:05:05.995-03:00  INFO 4520 --- [springsecurity] [SpringApplicationShutdownHook] com.zaxxer.hikari.HikariDataSource       : HikariPool-1 - Shutdown initiated...
2025-01-02T20:05:06.011-03:00  INFO 4520 --- [springsecurity] [SpringApplicationShutdownHook] com.zaxxer.hikari.HikariDataSource       : HikariPool-1 - Shutdown completed.
2025-01-02T20:05:15.299-03:00  INFO 3152 --- [springsecurity] [main] c.t.s.SpringsecurityApplication          : Starting SpringsecurityApplication using Java 17.0.11 with PID 3152 (C:\Users\palmi\OneDrive\Documentos\Facu\1- Programación\Instructivos\Template SecurityTodoCode\SpringSecurity\springsecurityJWT\target\classes started by Facundo Palmieri in C:\Users\palmi\OneDrive\Documentos\Facu\1- Programación\Instructivos\Template SecurityTodoCode\SpringSecurity\springsecurityJWT)
2025-01-02T20:05:15.303-03:00  INFO 3152 --- [springsecurity] [main] c.t.s.SpringsecurityApplication          : No active profile set, falling back to 1 default profile: "default"
2025-01-02T20:05:16.380-03:00  INFO 3152 --- [springsecurity] [main] .s.d.r.c.RepositoryConfigurationDelegate : Bootstrapping Spring Data JPA repositories in DEFAULT mode.
2025-01-02T20:05:16.512-03:00  INFO 3152 --- [springsecurity] [main] .s.d.r.c.RepositoryConfigurationDelegate : Finished Spring Data repository scanning in 118 ms. Found 3 JPA repository interfaces.
2025-01-02T20:05:17.370-03:00  INFO 3152 --- [springsecurity] [main] o.s.b.w.embedded.tomcat.TomcatWebServer  : Tomcat initialized with port 8080 (http)
2025-01-02T20:05:17.398-03:00  INFO 3152 --- [springsecurity] [main] o.apache.catalina.core.StandardService   : Starting service [Tomcat]
2025-01-02T20:05:17.398-03:00  INFO 3152 --- [springsecurity] [main] o.apache.catalina.core.StandardEngine    : Starting Servlet engine: [Apache Tomcat/10.1.20]
2025-01-02T20:05:17.496-03:00  INFO 3152 --- [springsecurity] [main] o.a.c.c.C.[Tomcat].[localhost].[/]       : Initializing Spring embedded WebApplicationContext
2025-01-02T20:05:17.496-03:00  INFO 3152 --- [springsecurity] [main] w.s.c.ServletWebServerApplicationContext : Root WebApplicationContext: initialization completed in 2132 ms
2025-01-02T20:05:17.682-03:00  INFO 3152 --- [springsecurity] [main] o.hibernate.jpa.internal.util.LogHelper  : HHH000204: Processing PersistenceUnitInfo [name: default]
2025-01-02T20:05:17.798-03:00  INFO 3152 --- [springsecurity] [main] org.hibernate.Version                    : HHH000412: Hibernate ORM core version 6.4.4.Final
2025-01-02T20:05:17.861-03:00  INFO 3152 --- [springsecurity] [main] o.h.c.internal.RegionFactoryInitiator    : HHH000026: Second-level cache disabled
2025-01-02T20:05:18.247-03:00  INFO 3152 --- [springsecurity] [main] o.s.o.j.p.SpringPersistenceUnitInfo      : No LoadTimeWeaver setup: ignoring JPA class transformer
2025-01-02T20:05:18.292-03:00  INFO 3152 --- [springsecurity] [main] com.zaxxer.hikari.HikariDataSource       : HikariPool-1 - Starting...
2025-01-02T20:05:18.503-03:00  INFO 3152 --- [springsecurity] [main] com.zaxxer.hikari.pool.HikariPool        : HikariPool-1 - Added connection com.mysql.cj.jdbc.ConnectionImpl@74707df8
2025-01-02T20:05:18.505-03:00  INFO 3152 --- [springsecurity] [main] com.zaxxer.hikari.HikariDataSource       : HikariPool-1 - Start completed.
2025-01-02T20:05:18.600-03:00  WARN 3152 --- [springsecurity] [main] org.hibernate.dialect.Dialect            : HHH000511: The 5.7.0 version for [org.hibernate.dialect.MySQLDialect] is no longer supported, hence certain features may not work properly. The minimum supported version is 8.0.0. Check the community dialects project for available legacy versions.
2025-01-02T20:05:20.065-03:00  INFO 3152 --- [springsecurity] [main] o.h.e.t.j.p.i.JtaPlatformInitiator       : HHH000489: No JTA platform available (set 'hibernate.transaction.jta.platform' to enable JTA platform integration)
2025-01-02T20:05:20.179-03:00  INFO 3152 --- [springsecurity] [main] j.LocalContainerEntityManagerFactoryBean : Initialized JPA EntityManagerFactory for persistence unit 'default'
2025-01-02T20:05:20.834-03:00  WARN 3152 --- [springsecurity] [main] JpaBaseConfiguration$JpaWebConfiguration : spring.jpa.open-in-view is enabled by default. Therefore, database queries may be performed during view rendering. Explicitly configure spring.jpa.open-in-view to disable this warning
2025-01-02T20:05:21.372-03:00  INFO 3152 --- [springsecurity] [main] o.s.s.web.DefaultSecurityFilterChain     : Will secure any request with [org.springframework.security.web.session.DisableEncodeUrlFilter@5cbaafbd, org.springframework.security.web.context.request.async.WebAsyncManagerIntegrationFilter@4f0f56f5, org.springframework.security.web.context.SecurityContextHolderFilter@288e50c1, org.springframework.security.web.header.HeaderWriterFilter@39c93af6, org.springframework.web.filter.CorsFilter@6edb093f, org.springframework.security.web.authentication.logout.LogoutFilter@5b312863, org.springframework.security.oauth2.client.web.OAuth2AuthorizationRequestRedirectFilter@20724c21, org.springframework.security.oauth2.client.web.OAuth2LoginAuthenticationFilter@11e75942, org.springframework.security.web.authentication.UsernamePasswordAuthenticationFilter@2ec258f1, org.springframework.security.web.authentication.ui.DefaultLoginPageGeneratingFilter@1fb379e4, org.springframework.security.web.authentication.ui.DefaultLogoutPageGeneratingFilter@7f5c4ff8, com.todocodeacademy.springsecurity.security.config.filter.JwtTokenValidator@7692c0e9, org.springframework.security.web.savedrequest.RequestCacheAwareFilter@7fba30fe, org.springframework.security.web.servletapi.SecurityContextHolderAwareRequestFilter@66ce4b4, org.springframework.security.web.authentication.AnonymousAuthenticationFilter@431f8830, org.springframework.security.web.access.ExceptionTranslationFilter@6c75c5e8]
2025-01-02T20:05:21.693-03:00  INFO 3152 --- [springsecurity] [main] o.s.b.w.embedded.tomcat.TomcatWebServer  : Tomcat started on port 8080 (http) with context path ''
2025-01-02T20:05:21.703-03:00  INFO 3152 --- [springsecurity] [main] c.t.s.SpringsecurityApplication          : Started SpringsecurityApplication in 7.11 seconds (process running for 8.015)
2025-01-02T20:05:29.699-03:00  INFO 3152 --- [springsecurity] [http-nio-8080-exec-2] o.a.c.c.C.[Tomcat].[localhost].[/]       : Initializing Spring DispatcherServlet 'dispatcherServlet'
2025-01-02T20:06:12.307-03:00  INFO 3152 --- [springsecurity] [http-nio-8080-exec-3] c.t.springsecurity.service.UserService   : [Mensaje: Se ha restablecido la contraseña exitosamente.] - [USUARIO: com.todocodeacademy.springsecurity.model.UserSec@40efb83d] -[IP 0:0:0:0:0:0:0:1]
2025-01-02T20:06:35.928-03:00  INFO 3152 --- [springsecurity] [SpringApplicationShutdownHook] j.LocalContainerEntityManagerFactoryBean : Closing JPA EntityManagerFactory for persistence unit 'default'
2025-01-02T20:06:35.933-03:00  INFO 3152 --- [springsecurity] [SpringApplicationShutdownHook] com.zaxxer.hikari.HikariDataSource       : HikariPool-1 - Shutdown initiated...
2025-01-02T20:06:35.942-03:00  INFO 3152 --- [springsecurity] [SpringApplicationShutdownHook] com.zaxxer.hikari.HikariDataSource       : HikariPool-1 - Shutdown completed.
