2025-03-08T12:18:19.998-03:00  INFO 12792 --- [security-template] [main] c.s.s.s.j.o.SpringsecurityApplication    : Starting SpringsecurityApplication using Java 17.0.11 with PID 12792 (C:\Users\palmi\OneDrive\Documentos\Facu\1- Programaci칩n\Instructivos\spring-security-jwt-oauth2\target\classes started by Facundo Palmieri in C:\Users\palmi\OneDrive\Documentos\Facu\1- Programaci칩n\Instructivos\spring-security-jwt-oauth2)
2025-03-08T12:18:20.010-03:00  INFO 12792 --- [security-template] [main] c.s.s.s.j.o.SpringsecurityApplication    : No active profile set, falling back to 1 default profile: "default"
2025-03-08T12:18:22.307-03:00  INFO 12792 --- [security-template] [main] .s.d.r.c.RepositoryConfigurationDelegate : Bootstrapping Spring Data JPA repositories in DEFAULT mode.
2025-03-08T12:18:22.482-03:00  INFO 12792 --- [security-template] [main] .s.d.r.c.RepositoryConfigurationDelegate : Finished Spring Data repository scanning in 156 ms. Found 6 JPA repository interfaces.
2025-03-08T12:18:23.809-03:00  INFO 12792 --- [security-template] [main] o.s.b.w.embedded.tomcat.TomcatWebServer  : Tomcat initialized with port 8080 (http)
2025-03-08T12:18:23.838-03:00  INFO 12792 --- [security-template] [main] o.apache.catalina.core.StandardService   : Starting service [Tomcat]
2025-03-08T12:18:23.838-03:00  INFO 12792 --- [security-template] [main] o.apache.catalina.core.StandardEngine    : Starting Servlet engine: [Apache Tomcat/10.1.20]
2025-03-08T12:18:23.985-03:00  INFO 12792 --- [security-template] [main] o.a.c.c.C.[Tomcat].[localhost].[/]       : Initializing Spring embedded WebApplicationContext
2025-03-08T12:18:23.986-03:00  INFO 12792 --- [security-template] [main] w.s.c.ServletWebServerApplicationContext : Root WebApplicationContext: initialization completed in 3857 ms
2025-03-08T12:18:24.565-03:00  INFO 12792 --- [security-template] [main] o.hibernate.jpa.internal.util.LogHelper  : HHH000204: Processing PersistenceUnitInfo [name: default]
2025-03-08T12:18:25.023-03:00  INFO 12792 --- [security-template] [main] org.hibernate.Version                    : HHH000412: Hibernate ORM core version 6.4.4.Final
2025-03-08T12:18:25.285-03:00  INFO 12792 --- [security-template] [main] o.h.c.internal.RegionFactoryInitiator    : HHH000026: Second-level cache disabled
2025-03-08T12:18:26.356-03:00  INFO 12792 --- [security-template] [main] o.s.o.j.p.SpringPersistenceUnitInfo      : No LoadTimeWeaver setup: ignoring JPA class transformer
2025-03-08T12:18:26.450-03:00  INFO 12792 --- [security-template] [main] com.zaxxer.hikari.HikariDataSource       : HikariPool-1 - Starting...
2025-03-08T12:18:26.890-03:00  INFO 12792 --- [security-template] [main] com.zaxxer.hikari.pool.HikariPool        : HikariPool-1 - Added connection com.mysql.cj.jdbc.ConnectionImpl@ac417a2
2025-03-08T12:18:26.897-03:00  INFO 12792 --- [security-template] [main] com.zaxxer.hikari.HikariDataSource       : HikariPool-1 - Start completed.
2025-03-08T12:18:27.061-03:00  WARN 12792 --- [security-template] [main] org.hibernate.dialect.Dialect            : HHH000511: The 5.7.0 version for [org.hibernate.dialect.MySQLDialect] is no longer supported, hence certain features may not work properly. The minimum supported version is 8.0.0. Check the community dialects project for available legacy versions.
2025-03-08T12:18:29.990-03:00  INFO 12792 --- [security-template] [main] o.h.e.t.j.p.i.JtaPlatformInitiator       : HHH000489: No JTA platform available (set 'hibernate.transaction.jta.platform' to enable JTA platform integration)
2025-03-08T12:18:30.117-03:00  INFO 12792 --- [security-template] [main] j.LocalContainerEntityManagerFactoryBean : Initialized JPA EntityManagerFactory for persistence unit 'default'
2025-03-08T12:18:30.536-03:00  INFO 12792 --- [security-template] [main] o.s.d.j.r.query.QueryEnhancerFactory     : Hibernate is in classpath; If applicable, HQL parser will be used.
2025-03-08T12:18:34.086-03:00  WARN 12792 --- [security-template] [main] JpaBaseConfiguration$JpaWebConfiguration : spring.jpa.open-in-view is enabled by default. Therefore, database queries may be performed during view rendering. Explicitly configure spring.jpa.open-in-view to disable this warning
2025-03-08T12:18:35.101-03:00  INFO 12792 --- [security-template] [main] o.s.s.web.DefaultSecurityFilterChain     : Will secure any request with [org.springframework.security.web.session.DisableEncodeUrlFilter@7ff395fa, org.springframework.security.web.context.request.async.WebAsyncManagerIntegrationFilter@70efc3f9, org.springframework.security.web.context.SecurityContextHolderFilter@6af6a3b, org.springframework.security.web.header.HeaderWriterFilter@701c092c, org.springframework.web.filter.CorsFilter@27002c5a, org.springframework.security.web.authentication.logout.LogoutFilter@757bbd02, org.springframework.security.oauth2.client.web.OAuth2AuthorizationRequestRedirectFilter@2bac4423, org.springframework.security.oauth2.client.web.OAuth2LoginAuthenticationFilter@5546a9e0, org.springframework.security.web.authentication.UsernamePasswordAuthenticationFilter@45b4d2ff, org.springframework.security.web.authentication.ui.DefaultLoginPageGeneratingFilter@398f6622, org.springframework.security.web.authentication.ui.DefaultLogoutPageGeneratingFilter@69e636cc, com.securitysolution.spring.security.jwt.oauth2.configuration.securityConfig.filter.JwtTokenValidator@a59324f, com.securitysolution.spring.security.jwt.oauth2.configuration.securityConfig.filter.OAuth2UserFilter@427c8f6, org.springframework.security.web.savedrequest.RequestCacheAwareFilter@135fb22d, org.springframework.security.web.servletapi.SecurityContextHolderAwareRequestFilter@3b9d5218, org.springframework.security.web.authentication.AnonymousAuthenticationFilter@226346d4, org.springframework.security.web.access.ExceptionTranslationFilter@105d2c27]
2025-03-08T12:18:36.151-03:00  INFO 12792 --- [security-template] [main] o.s.b.w.embedded.tomcat.TomcatWebServer  : Tomcat started on port 8080 (http) with context path ''
2025-03-08T12:18:36.173-03:00  INFO 12792 --- [security-template] [main] c.s.s.s.j.o.SpringsecurityApplication    : Started SpringsecurityApplication in 17.326 seconds (process running for 20.151)
2025-03-08T12:19:03.624-03:00  INFO 12792 --- [security-template] [http-nio-8080-exec-2] o.a.c.c.C.[Tomcat].[localhost].[/]       : Initializing Spring DispatcherServlet 'dispatcherServlet'
2025-03-08T12:19:05.192-03:00 ERROR 12792 --- [security-template] [http-nio-8080-exec-2] c.s.s.s.j.o.e.GlobalExceptionHandler     : Intento de inicio de sesi칩n fallido - [Usuario: palmierifacundo@gmail.com] [IP:0:0:0:0:0:0:0:1].
2025-03-08T12:22:59.906-03:00  INFO 12792 --- [security-template] [http-nio-8080-exec-6] c.s.s.s.jwt.oauth2.service.UserService   : [Mensaje: Se ha restablecido la contrase침a exitosamente.] - [USUARIO: palmierifacundo@gmail.com] -[IP 0:0:0:0:0:0:0:1]
2025-03-08T12:23:07.385-03:00  INFO 12792 --- [security-template] [SpringApplicationShutdownHook] j.LocalContainerEntityManagerFactoryBean : Closing JPA EntityManagerFactory for persistence unit 'default'
2025-03-08T12:23:07.390-03:00  INFO 12792 --- [security-template] [SpringApplicationShutdownHook] com.zaxxer.hikari.HikariDataSource       : HikariPool-1 - Shutdown initiated...
2025-03-08T12:23:07.403-03:00  INFO 12792 --- [security-template] [SpringApplicationShutdownHook] com.zaxxer.hikari.HikariDataSource       : HikariPool-1 - Shutdown completed.
